<?xml version="1.0" encoding="UTF-8"?>
<!-- Generated by org.testng.reporters.JUnitReportReporter -->
<testsuite hostname="LAPTOP-L4FN0J6B" failures="0" tests="5" name="com.saucedemo.tests.LoginPageTest" time="27.573" errors="0" timestamp="2025-09-08T08:13:43 IST" skipped="0">
  <testcase classname="com.saucedemo.tests.LoginPageTest" name="allValidUsersShouldLoginSuccessfully" time="11.575"/>
  <testcase classname="com.saucedemo.tests.LoginPageTest" name="lockedOutUserShowsError" time="6.426"/>
  <testcase classname="com.saucedemo.tests.LoginPageTest" name="testUsernameOrPasswordRequiredErrors" time="3.177"/>
  <testcase classname="com.saucedemo.tests.LoginPageTest" name="invalidUserShowsError" time="2.992"/>
  <testcase classname="com.saucedemo.tests.LoginPageTest" name="validLogin" time="3.403"/>
</testsuite> <!-- com.saucedemo.tests.LoginPageTest -->
