<?xml version="1.0" encoding="UTF-8"?>
<!-- Generated by org.testng.reporters.JUnitReportReporter -->
<testsuite hostname="LAPTOP-L4FN0J6B" failures="0" tests="7" name="com.saucedemo.runners.TestRunner" time="24.784" errors="0" timestamp="2025-09-07T12:39:43 IST" skipped="0">
  <testcase classname="com.saucedemo.runners.TestRunner" name="runScenario" time="14.074"/>
  <testcase classname="com.saucedemo.runners.TestRunner" name="runScenario" time="1.158"/>
  <testcase classname="com.saucedemo.runners.TestRunner" name="runScenario" time="6.252"/>
  <testcase classname="com.saucedemo.runners.TestRunner" name="runScenario" time="0.361"/>
  <testcase classname="com.saucedemo.runners.TestRunner" name="runScenario" time="1.241"/>
  <testcase classname="com.saucedemo.runners.TestRunner" name="runScenario" time="1.256"/>
  <testcase classname="com.saucedemo.runners.TestRunner" name="runScenario" time="0.442"/>
</testsuite> <!-- com.saucedemo.runners.TestRunner -->
