<?xml version="1.0" encoding="UTF-8"?>
<!-- Generated by org.testng.reporters.JUnitReportReporter -->
<testsuite hostname="LAPTOP-L4FN0J6B" failures="0" tests="6" name="com.saucedemo.tests.LoginPageTest" time="39.855" errors="0" timestamp="2025-09-09T13:59:30 IST" skipped="0">
  <testcase classname="com.saucedemo.tests.LoginPageTest" name="allValidUsersShouldLoginSuccessfully" time="13.504"/>
  <testcase classname="com.saucedemo.tests.LoginPageTest" name="testPasswordRequiredError" time="10.916"/>
  <testcase classname="com.saucedemo.tests.LoginPageTest" name="validLogin" time="3.706"/>
  <testcase classname="com.saucedemo.tests.LoginPageTest" name="invalidUserShowsError" time="3.845"/>
  <testcase classname="com.saucedemo.tests.LoginPageTest" name="testUsernameRequiredError" time="3.872"/>
  <testcase classname="com.saucedemo.tests.LoginPageTest" name="lockedOutUserShowsError" time="4.012"/>
</testsuite> <!-- com.saucedemo.tests.LoginPageTest -->
