<?xml version="1.0" encoding="UTF-8"?>
<!-- Generated by org.testng.reporters.JUnitReportReporter -->
<testsuite hostname="LAPTOP-L4FN0J6B" failures="0" tests="1" name="com.saucedemo.tests.TestLogoutPage" time="4.341" errors="0" timestamp="2025-09-09T13:59:30 IST" skipped="0">
  <testcase classname="com.saucedemo.tests.TestLogoutPage" name="logoutWorks" time="4.341"/>
</testsuite> <!-- com.saucedemo.tests.TestLogoutPage -->
