<?xml version="1.0" encoding="UTF-8"?>
<!-- Generated by org.testng.reporters.JUnitReportReporter -->
<testsuite hostname="LAPTOP-L4FN0J6B" failures="0" tests="1" name="com.saucedemo.tests.TestHomePage" time="5.928" errors="0" timestamp="2025-09-09T14:11:46 IST" skipped="0">
  <testcase classname="com.saucedemo.tests.TestHomePage" name="headerVisibleAfterLogin" time="5.928"/>
</testsuite> <!-- com.saucedemo.tests.TestHomePage -->
