<?xml version="1.0" encoding="UTF-8"?>
<!-- Generated by org.testng.reporters.JUnitReportReporter -->
<testsuite hostname="LAPTOP-L4FN0J6B" failures="0" tests="6" name="com.saucedemo.tests.LoginPageTest" time="42.528" errors="0" timestamp="2025-09-09T14:41:51 IST" skipped="0">
  <testcase classname="com.saucedemo.tests.LoginPageTest" name="lockedOutUserShowsError" time="5.740"/>
  <testcase classname="com.saucedemo.tests.LoginPageTest" name="testUsernameRequiredError" time="5.139"/>
  <testcase classname="com.saucedemo.tests.LoginPageTest" name="allValidUsersShouldLoginSuccessfully" time="15.346"/>
  <testcase classname="com.saucedemo.tests.LoginPageTest" name="testPasswordRequiredError" time="4.481"/>
  <testcase classname="com.saucedemo.tests.LoginPageTest" name="invalidUserShowsError" time="6.202"/>
  <testcase classname="com.saucedemo.tests.LoginPageTest" name="validLogin" time="5.620"/>
</testsuite> <!-- com.saucedemo.tests.LoginPageTest -->
