<?xml version="1.0" encoding="UTF-8"?>
<!-- Generated by org.testng.reporters.JUnitReportReporter -->
<testsuite hostname="LAPTOP-L4FN0J6B" failures="0" tests="6" name="com.saucedemo.tests.LoginPageTest" time="38.815" errors="0" timestamp="2025-09-09T14:56:36 IST" skipped="0">
  <testcase classname="com.saucedemo.tests.LoginPageTest" name="invalidUserShowsError" time="4.824"/>
  <testcase classname="com.saucedemo.tests.LoginPageTest" name="validLogin" time="5.356"/>
  <testcase classname="com.saucedemo.tests.LoginPageTest" name="allValidUsersShouldLoginSuccessfully" time="14.980"/>
  <testcase classname="com.saucedemo.tests.LoginPageTest" name="testUsernameRequiredError" time="4.425"/>
  <testcase classname="com.saucedemo.tests.LoginPageTest" name="testPasswordRequiredError" time="4.694"/>
  <testcase classname="com.saucedemo.tests.LoginPageTest" name="lockedOutUserShowsError" time="4.536"/>
</testsuite> <!-- com.saucedemo.tests.LoginPageTest -->
