<?xml version="1.0" encoding="UTF-8"?>
<!-- Generated by org.testng.reporters.JUnitReportReporter -->
<testsuite hostname="LAPTOP-L4FN0J6B" failures="0" tests="6" name="com.saucedemo.tests.LoginPageTest" time="37.070" errors="0" timestamp="2025-09-09T14:46:29 IST" skipped="0">
  <testcase classname="com.saucedemo.tests.LoginPageTest" name="invalidUserShowsError" time="4.392"/>
  <testcase classname="com.saucedemo.tests.LoginPageTest" name="testPasswordRequiredError" time="5.260"/>
  <testcase classname="com.saucedemo.tests.LoginPageTest" name="validLogin" time="4.520"/>
  <testcase classname="com.saucedemo.tests.LoginPageTest" name="allValidUsersShouldLoginSuccessfully" time="14.501"/>
  <testcase classname="com.saucedemo.tests.LoginPageTest" name="testUsernameRequiredError" time="4.334"/>
  <testcase classname="com.saucedemo.tests.LoginPageTest" name="lockedOutUserShowsError" time="4.063"/>
</testsuite> <!-- com.saucedemo.tests.LoginPageTest -->
