<?xml version="1.0" encoding="UTF-8"?>
<!-- Generated by org.testng.reporters.JUnitReportReporter -->
<testsuite hostname="LAPTOP-L4FN0J6B" failures="0" tests="4" name="com.saucedemo.tests.TestSortingProductPage" time="21.498" errors="0" timestamp="2025-09-09T14:07:18 IST" skipped="0">
  <testcase classname="com.saucedemo.tests.TestSortingProductPage" name="sortByPriceLowToHigh" time="5.156"/>
  <testcase classname="com.saucedemo.tests.TestSortingProductPage" name="sortByNameAtoZ" time="5.499"/>
  <testcase classname="com.saucedemo.tests.TestSortingProductPage" name="sortByPriceHighToLow" time="5.380"/>
  <testcase classname="com.saucedemo.tests.TestSortingProductPage" name="sortByNameZtoA" time="5.463"/>
</testsuite> <!-- com.saucedemo.tests.TestSortingProductPage -->
