<?xml version="1.0" encoding="UTF-8"?>
<!-- Generated by org.testng.reporters.JUnitReportReporter -->
<testsuite hostname="LAPTOP-L4FN0J6B" failures="0" tests="4" name="com.saucedemo.tests.TestSortingProductPage" time="31.437" errors="0" timestamp="2025-09-09T14:27:20 IST" skipped="0">
  <testcase classname="com.saucedemo.tests.TestSortingProductPage" name="sortByNameAtoZ" time="6.451"/>
  <testcase classname="com.saucedemo.tests.TestSortingProductPage" name="sortByNameZtoA" time="6.373"/>
  <testcase classname="com.saucedemo.tests.TestSortingProductPage" name="sortByPriceLowToHigh" time="10.782"/>
  <testcase classname="com.saucedemo.tests.TestSortingProductPage" name="sortByPriceHighToLow" time="7.831"/>
</testsuite> <!-- com.saucedemo.tests.TestSortingProductPage -->
