<?xml version="1.0" encoding="UTF-8"?>
<!-- Generated by org.testng.reporters.JUnitReportReporter -->
<testsuite hostname="LAPTOP-L4FN0J6B" failures="0" tests="4" name="com.saucedemo.tests.TestSortingProductPage" time="20.138" errors="0" timestamp="2025-09-09T14:16:53 IST" skipped="0">
  <testcase classname="com.saucedemo.tests.TestSortingProductPage" name="sortByPriceHighToLow" time="4.682"/>
  <testcase classname="com.saucedemo.tests.TestSortingProductPage" name="sortByNameAtoZ" time="5.072"/>
  <testcase classname="com.saucedemo.tests.TestSortingProductPage" name="sortByPriceLowToHigh" time="5.043"/>
  <testcase classname="com.saucedemo.tests.TestSortingProductPage" name="sortByNameZtoA" time="5.341"/>
</testsuite> <!-- com.saucedemo.tests.TestSortingProductPage -->
