<?xml version="1.0" encoding="UTF-8"?>
<!-- Generated by org.testng.reporters.JUnitReportReporter -->
<testsuite hostname="LAPTOP-L4FN0J6B" failures="0" tests="4" name="com.saucedemo.tests.TestCheckoutPage" time="25.634" errors="0" timestamp="2025-09-09T14:41:51 IST" skipped="0">
  <testcase classname="com.saucedemo.tests.TestCheckoutPage" name="cannotCheckoutWithEmptyCart" time="6.519"/>
  <testcase classname="com.saucedemo.tests.TestCheckoutPage" name="completeCheckoutFlow" time="5.975"/>
  <testcase classname="com.saucedemo.tests.TestCheckoutPage" name="checkoutShowsCorrectConfirmationMessage" time="6.630"/>
  <testcase classname="com.saucedemo.tests.TestCheckoutPage" name="cancelCheckoutShouldReturnToCart" time="6.510"/>
</testsuite> <!-- com.saucedemo.tests.TestCheckoutPage -->
