<?xml version="1.0" encoding="UTF-8"?>
<!-- Generated by org.testng.reporters.JUnitReportReporter -->
<testsuite hostname="LAPTOP-L4FN0J6B" failures="0" tests="5" name="com.saucedemo.tests.TestAddToCartPage" time="44.529" errors="0" timestamp="2025-09-09T14:07:18 IST" skipped="0">
  <testcase classname="com.saucedemo.tests.TestAddToCartPage" name="cartLinkNavigatesToCartPage" time="8.099"/>
  <testcase classname="com.saucedemo.tests.TestAddToCartPage" name="removeItemUpdatesCartBadgeToZero" time="7.412"/>
  <testcase classname="com.saucedemo.tests.TestAddToCartPage" name="addItemUpdatesCartBadge" time="7.299"/>
  <testcase classname="com.saucedemo.tests.TestAddToCartPage" name="cartBadgeAccumulatesItems" time="10.910"/>
  <testcase classname="com.saucedemo.tests.TestAddToCartPage" name="cartBadgeNotVisibleWhenEmpty" time="10.809"/>
</testsuite> <!-- com.saucedemo.tests.TestAddToCartPage -->
