<?xml version="1.0" encoding="UTF-8"?>
<!-- Generated by org.testng.reporters.JUnitReportReporter -->
<testsuite hostname="LAPTOP-L4FN0J6B" failures="0" tests="4" name="com.saucedemo.tests.TestSortingProductPage" time="20.011" errors="0" timestamp="2025-09-09T14:56:36 IST" skipped="0">
  <testcase classname="com.saucedemo.tests.TestSortingProductPage" name="sortByNameAtoZ" time="4.837"/>
  <testcase classname="com.saucedemo.tests.TestSortingProductPage" name="sortByNameZtoA" time="5.091"/>
  <testcase classname="com.saucedemo.tests.TestSortingProductPage" name="sortByPriceHighToLow" time="4.888"/>
  <testcase classname="com.saucedemo.tests.TestSortingProductPage" name="sortByPriceLowToHigh" time="5.195"/>
</testsuite> <!-- com.saucedemo.tests.TestSortingProductPage -->
