<?xml version="1.0" encoding="UTF-8"?>
<!-- Generated by org.testng.reporters.JUnitReportReporter -->
<testsuite hostname="LAPTOP-L4FN0J6B" failures="0" tests="5" name="com.saucedemo.tests.LoginPageTest" time="33.446" errors="0" timestamp="2025-09-07T20:39:15 IST" skipped="0">
  <testcase classname="com.saucedemo.tests.LoginPageTest" name="validLogin" time="4.045"/>
  <testcase classname="com.saucedemo.tests.LoginPageTest" name="allValidUsersShouldLoginSuccessfully" time="12.255"/>
  <testcase classname="com.saucedemo.tests.LoginPageTest" name="lockedOutUserShowsError" time="6.015"/>
  <testcase classname="com.saucedemo.tests.LoginPageTest" name="testUsernameOrPasswordRequiredErrors" time="7.536"/>
  <testcase classname="com.saucedemo.tests.LoginPageTest" name="invalidUserShowsError" time="3.595"/>
</testsuite> <!-- com.saucedemo.tests.LoginPageTest -->
