<?xml version="1.0" encoding="UTF-8"?>
<!-- Generated by org.testng.reporters.JUnitReportReporter -->
<testsuite hostname="LAPTOP-L4FN0J6B" failures="0" tests="1" name="com.saucedemo.tests.TestHomePage" time="3.847" errors="0" timestamp="2025-09-07T20:39:15 IST" skipped="0">
  <testcase classname="com.saucedemo.tests.TestHomePage" name="headerVisibleAfterLogin" time="3.847"/>
</testsuite> <!-- com.saucedemo.tests.TestHomePage -->
