<?xml version="1.0" encoding="UTF-8"?>
<!-- Generated by org.testng.reporters.JUnitReportReporter -->
<testsuite hostname="LAPTOP-L4FN0J6B" failures="0" tests="4" name="com.saucedemo.tests.TestSortingProductPage" time="21.830" errors="0" timestamp="2025-09-09T14:32:05 IST" skipped="0">
  <testcase classname="com.saucedemo.tests.TestSortingProductPage" name="sortByNameZtoA" time="5.099"/>
  <testcase classname="com.saucedemo.tests.TestSortingProductPage" name="sortByNameAtoZ" time="5.440"/>
  <testcase classname="com.saucedemo.tests.TestSortingProductPage" name="sortByPriceHighToLow" time="4.953"/>
  <testcase classname="com.saucedemo.tests.TestSortingProductPage" name="sortByPriceLowToHigh" time="6.338"/>
</testsuite> <!-- com.saucedemo.tests.TestSortingProductPage -->
